[phase D] comparison: read-depth L16 (peak 0.97); coarse candidates none
[phase D]   capitals: read-depth L8 (peak 1.00); coarse candidates none
[phase D]     parity: read-depth UNDEFINED (peak 0.00); skipping
[phase D]      arith: read-depth L20 (peak 1.00); coarse candidates [20, 24]
/Users/oe/sae_project/.venv/lib/python3.12/site-packages/transformer_lens/config/HookedTransformerConfig.py:341: UserWarning: MPS backend may produce silently incorrect results (PyTorch 2.11.0). Set TRANSFORMERLENS_ALLOW_MPS=1 to suppress this warning. See: https://github.com/TransformerLensOrg/TransformerLens/issues/1178
  warn_if_mps(self.device)
WARNING:root:You tried to specify center_unembed=True for a model using logit softcap, but this can't be done! Softcapping is not invariant upon adding a constant Setting center_unembed=False instead.
Loading weights:   0%|          | 0/288 [00:00<?, ?it/s]Loading weights:   0%|          | 1/288 [00:02<10:18,  2.16s/it]Loading weights:  81%|████████▏ | 234/288 [00:02<00:00, 135.70it/s]Loading weights: 100%|██████████| 288/288 [00:03<00:00, 92.52it/s] 
WARNING:root:With reduced precision, it is advised to use `from_pretrained_no_processing` instead of `from_pretrained`.
Loaded pretrained model gemma-2-2b into HookedTransformer
[mode] MIXED precision (see PROTOCOL_NOTES.md)
[phase D] cached resids; median per-token norms: L12:145 L18:271 L19:308 L20:348 L21:400 L22:459

[phase D] arith: densified grid [18, 19, 20, 21, 22]
  [backfire L18]      arith: dose [0.26, 0.56, 1.2]  z   1.0  ci4 [1.15,1.24]  sign-p 1  fail:dose_monotone_negative [probe<24]
  [backfire L19]      arith: dose [0.22, 0.52, 1.16]  z   1.5  ci4 [1.12,1.19]  sign-p 1  fail:dose_monotone_negative [probe<24]
  [backfire L20]      arith: dose [-0.17, -0.57, -1.34]  z  -5.8  ci4 [-1.59,-1.15]  sign-p 0.000244  PASS [probe<24]
  [backfire L21]      arith: dose [-0.01, -0.02, 0.07]  z  -0.3  ci4 [-0.05,0.17]  sign-p 0.981  fail:dose_monotone_negative [probe<24]
  [backfire L22]      arith: dose [-0.07, -0.13, -0.22]  z  -0.9  ci4 [-0.29,-0.17]  sign-p 0.000244  fail:robust_z [probe<24]

=== PHASE D BACKFIRE VERDICTS ===
     arith: NOT CONFIRMED, first failed criterion: dose_monotone_negative

saved phase_d_results.json
