2026-07-05T00:37:11Z INF Thank you for trying Cloudflare Tunnel. Doing so, without a Cloudflare account, is a quick way to experiment and try it out. However, be aware that these account-less Tunnels have no uptime guarantee, are subject to the Cloudflare Online Services Terms of Use (https://www.cloudflare.com/website-terms/), and Cloudflare reserves the right to investigate your use of Tunnels for violations of such terms. If you intend to use Tunnels in production you should use a pre-created named tunnel by following: https://developers.cloudflare.com/cloudflare-one/connections/connect-apps
2026-07-05T00:37:11Z INF Requesting new quick Tunnel on trycloudflare.com...
2026-07-05T00:37:14Z INF +--------------------------------------------------------------------------------------------+
2026-07-05T00:37:14Z INF |  Your quick Tunnel has been created! Visit it at (it may take some time to be reachable):  |
2026-07-05T00:37:14Z INF |  https://webpage-email-piece-russia.trycloudflare.com                                      |
2026-07-05T00:37:14Z INF +--------------------------------------------------------------------------------------------+
2026-07-05T00:37:14Z INF Cannot determine default configuration path. No file [config.yml config.yaml] in [~/.cloudflared ~/.cloudflare-warp ~/cloudflare-warp /etc/cloudflared /usr/local/etc/cloudflared]
2026-07-05T00:37:14Z INF Version 2026.6.1 (Checksum dc91c8e5e2c02b802c5daa06867e1d74a909af2a89f83c5ac5ac1703222edcc0)
2026-07-05T00:37:14Z INF GOOS: darwin, GOVersion: go1.26.4, GoArch: arm64
2026-07-05T00:37:14Z INF Settings: map[ha-connections:1 protocol:quic url:http://localhost:8765]
2026-07-05T00:37:14Z INF cloudflared will not automatically update if installed by a package manager.
2026-07-05T00:37:14Z INF Generated Connector ID: 1d37f8ab-a78b-4001-975d-80c77a761ae1
2026-07-05T00:37:14Z INF Initial protocol quic
2026-07-05T00:37:14Z INF ICMP proxy will use 172.20.20.20 as source for IPv4
2026-07-05T00:37:14Z INF ICMP proxy will use fe80::1037:626b:bdb5:8000 in zone en0 as source for IPv6
2026-07-05T00:37:14Z INF Created ICMP proxy listening on 172.20.20.20:0
2026-07-05T00:37:14Z INF ICMP proxy will use 172.20.20.20 as source for IPv4
2026-07-05T00:37:14Z INF ICMP proxy will use fe80::1037:626b:bdb5:8000 in zone en0 as source for IPv6
2026-07-05T00:37:14Z INF Starting metrics server on 127.0.0.1:20241/metrics
2026-07-05T00:37:14Z INF Tunnel connection curve preferences: [X25519MLKEM768 CurveID(65074) CurveP256] connIndex=0 event=0 ip=2606:4700:a0::1
2026-07-05T00:37:19Z ERR Failed to dial a quic connection error="failed to dial to edge with quic: timeout: no recent network activity" connIndex=0 event=0 ip=2606:4700:a0::1
2026-07-05T00:37:19Z INF Retrying connection in up to 2s connIndex=0 event=0 ip=2606:4700:a0::1
2026-07-05T00:37:19Z INF Tunnel connection curve preferences: [X25519MLKEM768 CurveID(65074) CurveP256] connIndex=0 event=0 ip=198.41.192.37
2026-07-05T00:37:19Z INF Registered tunnel connection connIndex=0 connection=09439c76-db6a-432d-910c-c4e790f137cf event=0 ip=198.41.192.37 location=sjc01 protocol=quic
2026-07-05T00:37:24Z INF +-----------------------------------------------------------------------------------------------+
2026-07-05T00:37:24Z INF |                                    CONNECTIVITY PRE-CHECKS                                    |
2026-07-05T00:37:24Z INF +-----------------------------------------------------------------------------------------------+
2026-07-05T00:37:24Z INF |  COMPONENT         TARGET                     STATUS  DETAILS                                 |
2026-07-05T00:37:24Z INF |  DNS Resolution    region1.v2.argotunnel.com  PASS    DNS Resolved successfully               |
2026-07-05T00:37:24Z INF |  DNS Resolution    region2.v2.argotunnel.com  PASS    DNS Resolved successfully               |
2026-07-05T00:37:24Z INF |  UDP Connectivity  region1.v2.argotunnel.com  PASS    QUIC connection successful              |
2026-07-05T00:37:24Z INF |  UDP Connectivity  region2.v2.argotunnel.com  FAIL    QUIC connection failed                  |
2026-07-05T00:37:24Z INF |  TCP Connectivity  region1.v2.argotunnel.com  PASS    HTTP/2 connection successful            |
2026-07-05T00:37:24Z INF |  TCP Connectivity  region2.v2.argotunnel.com  PASS    HTTP/2 connection successful            |
2026-07-05T00:37:24Z INF |  Cloudflare API    api.cloudflare.com:443     PASS    API is reachable                        |
2026-07-05T00:37:24Z INF |  WARNING: Allow outbound QUIC traffic on port 7844 or use HTTP2.                              |
2026-07-05T00:37:24Z INF |                                                                                               |
2026-07-05T00:37:24Z INF |  SUMMARY: Environment ready with degraded transport. cloudflared will proceed using 'http2'.  |
2026-07-05T00:37:24Z INF +-----------------------------------------------------------------------------------------------+
2026-07-05T00:37:24Z INF precheck component="DNS Resolution" details="DNS Resolved successfully" run_id=cd81710a-c602-4ef7-bea5-064ed580c934 status=pass target=region1.v2.argotunnel.com
2026-07-05T00:37:24Z INF precheck component="DNS Resolution" details="DNS Resolved successfully" run_id=cd81710a-c602-4ef7-bea5-064ed580c934 status=pass target=region2.v2.argotunnel.com
2026-07-05T00:37:24Z INF precheck component="UDP Connectivity" details="QUIC connection successful" run_id=cd81710a-c602-4ef7-bea5-064ed580c934 status=pass target=region1.v2.argotunnel.com
2026-07-05T00:37:24Z INF precheck component="UDP Connectivity" details="QUIC connection failed" run_id=cd81710a-c602-4ef7-bea5-064ed580c934 status=fail target=region2.v2.argotunnel.com
2026-07-05T00:37:24Z INF precheck component="TCP Connectivity" details="HTTP/2 connection successful" run_id=cd81710a-c602-4ef7-bea5-064ed580c934 status=pass target=region1.v2.argotunnel.com
2026-07-05T00:37:24Z INF precheck component="TCP Connectivity" details="HTTP/2 connection successful" run_id=cd81710a-c602-4ef7-bea5-064ed580c934 status=pass target=region2.v2.argotunnel.com
2026-07-05T00:37:24Z INF precheck component="Cloudflare API" details="API is reachable" run_id=cd81710a-c602-4ef7-bea5-064ed580c934 status=pass target=api.cloudflare.com:443
2026-07-05T00:37:24Z INF precheck complete hard_fail=false run_id=cd81710a-c602-4ef7-bea5-064ed580c934 suggested_protocol=http2
